[debug] [2025-02-17T14:41:37.232Z] ----------------------------------------------------------------------
[debug] [2025-02-17T14:41:37.235Z] Command:       /usr/local/bin/node /usr/local/bin/firebase init
[debug] [2025-02-17T14:41:37.235Z] CLI Version:   13.31.1
[debug] [2025-02-17T14:41:37.235Z] Platform:      darwin
[debug] [2025-02-17T14:41:37.235Z] Node Version:  v22.14.0
[debug] [2025-02-17T14:41:37.236Z] Time:          Mon Feb 17 2025 20:11:37 GMT+0530 (India Standard Time)
[debug] [2025-02-17T14:41:37.236Z] ----------------------------------------------------------------------
[debug] 
[debug] [2025-02-17T14:41:37.240Z] > command requires scopes: ["email","openid","https://www.googleapis.com/auth/cloudplatformprojects.readonly","https://www.googleapis.com/auth/firebase","https://www.googleapis.com/auth/cloud-platform"]
[debug] [2025-02-17T14:41:37.241Z] > authorizing via signed-in user (adityadivate25@gmail.com)
[info] 
     ######## #### ########  ######## ########     ###     ######  ########
     ##        ##  ##     ## ##       ##     ##  ##   ##  ##       ##
     ######    ##  ########  ######   ########  #########  ######  ######
     ##        ##  ##    ##  ##       ##     ## ##     ##       ## ##
     ##       #### ##     ## ######## ########  ##     ##  ######  ########

You're about to initialize a Firebase project in this directory:

  /Users/adityadivate/Desktop/Evento/Website

[info] 
=== Project Setup
[info] 
[info] First, let's associate this project directory with a Firebase project.
[info] You can create multiple project aliases by running firebase use --add, 
[info] but for now we'll just set up a default project.
[info] 
[debug] [2025-02-17T14:43:48.007Z] Checked if tokens are valid: true, expires at: 1739806882179
[debug] [2025-02-17T14:43:48.008Z] Checked if tokens are valid: true, expires at: 1739806882179
[debug] [2025-02-17T14:43:48.010Z] >>> [apiv2][query] GET https://firebase.googleapis.com/v1beta1/projects pageSize=100
[debug] [2025-02-17T14:43:48.976Z] <<< [apiv2][status] GET https://firebase.googleapis.com/v1beta1/projects 200
[debug] [2025-02-17T14:43:48.976Z] <<< [apiv2][body] GET https://firebase.googleapis.com/v1beta1/projects [omitted]
[info] i  Using project evvento-330ee (evvento) 
[info] 
=== Hosting Setup
[debug] [2025-02-17T14:43:53.391Z] Checked if tokens are valid: true, expires at: 1739806882179
[debug] [2025-02-17T14:43:53.391Z] Checked if tokens are valid: true, expires at: 1739806882179
[debug] [2025-02-17T14:43:53.391Z] >>> [apiv2][query] GET https://firebase.googleapis.com/v1beta1/projects/evvento-330ee [none]
[debug] [2025-02-17T14:43:53.754Z] <<< [apiv2][status] GET https://firebase.googleapis.com/v1beta1/projects/evvento-330ee 200
[debug] [2025-02-17T14:43:53.755Z] <<< [apiv2][body] GET https://firebase.googleapis.com/v1beta1/projects/evvento-330ee {"projectId":"evvento-330ee","projectNumber":"918550839957","displayName":"evvento","name":"projects/evvento-330ee","resources":{"hostingSite":"evvento-330ee"},"state":"ACTIVE","etag":"1_176b95b6-b376-4257-ba32-f422341cf01b"}
[info] 
[info] Your public directory is the folder (relative to your project directory) that
[info] will contain Hosting assets to be uploaded with firebase deploy. If you
[info] have a build process for your assets, use your build's output directory.
[info] 
[debug] [2025-02-17T14:44:15.944Z] >>> [apiv2][query] GET https://www.gstatic.com/firebasejs/releases.json [none]
[debug] [2025-02-17T14:44:16.088Z] <<< [apiv2][status] GET https://www.gstatic.com/firebasejs/releases.json 200
[debug] [2025-02-17T14:44:16.088Z] <<< [apiv2][body] GET https://www.gstatic.com/firebasejs/releases.json {"current":{"version":"11.3.1","browserURL":"https://www.gstatic.com/firebasejs/11.3.1/firebase.js","packageURL":"https://www.gstatic.com/firebasejs/11.3.1/firebase.tgz"},"live":{"version":"11.3","browserURL":"https://www.gstatic.com/firebasejs/live/11.3/firebase.js","packageURL":"https://www.gstatic.com/firebasejs/live/11.3/firebase.tgz"},"components":{"analytics":"https://www.gstatic.com/firebasejs/11.3.1/firebase-analytics.js","app":"https://www.gstatic.com/firebasejs/11.3.1/firebase-app.js","app-check":"https://www.gstatic.com/firebasejs/11.3.1/firebase-app-check.js","auth":"https://www.gstatic.com/firebasejs/11.3.1/firebase-auth.js","auth/cordova":"https://www.gstatic.com/firebasejs/11.3.1/firebase-auth/cordova.js","auth/web-extension":"https://www.gstatic.com/firebasejs/11.3.1/firebase-auth/web-extension.js","functions":"https://www.gstatic.com/firebasejs/11.3.1/firebase-functions.js","firestore":"https://www.gstatic.com/firebasejs/11.3.1/firebase-firestore.js","firestore/lite":"https://www.gstatic.com/firebasejs/11.3.1/firebase-firestore/lite.js","installations":"https://www.gstatic.com/firebasejs/11.3.1/firebase-installations.js","storage":"https://www.gstatic.com/firebasejs/11.3.1/firebase-storage.js","performance":"https://www.gstatic.com/firebasejs/11.3.1/firebase-performance.js","remote-config":"https://www.gstatic.com/firebasejs/11.3.1/firebase-remote-config.js","messaging":"https://www.gstatic.com/firebasejs/11.3.1/firebase-messaging.js","messaging/sw":"https://www.gstatic.com/firebasejs/11.3.1/firebase-messaging/sw.js","database":"https://www.gstatic.com/firebasejs/11.3.1/firebase-database.js","vertexai":"https://www.gstatic.com/firebasejs/11.3.1/firebase-vertexai.js","data-connect":"https://www.gstatic.com/firebasejs/11.3.1/firebase-data-connect.js","firestore.memory":"https://www.gstatic.com/firebasejs/11.3.1/firebase-firestore.memory.js"}}
[info] ✔  Wrote public/index.html 
[info] 
[info] i  Didn't detect a .git folder. Assuming /Users/adityadivate/Desktop/Evento/Website is the project root. 
[info] i  Authorizing with GitHub to upload your service account to a GitHub repository's secrets store. 
[info] 
[info] Visit this URL on this device to log in:
[info] https://github.com/login/oauth/authorize?client_id=89cf50f02ac6aaed3484&state=904457285&redirect_uri=http%3A%2F%2Flocalhost%3A9005&scope=read%3Auser%20repo%20public_repo
[info] 
[info] Waiting for authentication...
[debug] [2025-02-17T14:44:26.227Z] >>> [apiv2][query] POST https://github.com/login/oauth/access_token [none]
[debug] [2025-02-17T14:44:26.228Z] >>> [apiv2][body] POST https://github.com/login/oauth/access_token [stream]
[debug] [2025-02-17T14:44:26.680Z] <<< [apiv2][status] POST https://github.com/login/oauth/access_token 200
[debug] [2025-02-17T14:44:26.681Z] <<< [apiv2][body] POST https://github.com/login/oauth/access_token {"access_token":"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","token_type":"bearer","scope":"read:user,repo"}
[debug] [2025-02-17T14:44:26.688Z] >>> [apiv2][query] GET https://api.github.com/user [none]
[debug] [2025-02-17T14:44:27.051Z] <<< [apiv2][status] GET https://api.github.com/user 200
[debug] [2025-02-17T14:44:27.051Z] <<< [apiv2][body] GET https://api.github.com/user {"login":"Aditya25-github","id":144470959,"node_id":"U_kgDOCJxzrw","avatar_url":"https://avatars.githubusercontent.com/u/144470959?v=4","gravatar_id":"","url":"https://api.github.com/users/Aditya25-github","html_url":"https://github.com/Aditya25-github","followers_url":"https://api.github.com/users/Aditya25-github/followers","following_url":"https://api.github.com/users/Aditya25-github/following{/other_user}","gists_url":"https://api.github.com/users/Aditya25-github/gists{/gist_id}","starred_url":"https://api.github.com/users/Aditya25-github/starred{/owner}{/repo}","subscriptions_url":"https://api.github.com/users/Aditya25-github/subscriptions","organizations_url":"https://api.github.com/users/Aditya25-github/orgs","repos_url":"https://api.github.com/users/Aditya25-github/repos","events_url":"https://api.github.com/users/Aditya25-github/events{/privacy}","received_events_url":"https://api.github.com/users/Aditya25-github/received_events","type":"User","user_view_type":"private","site_admin":false,"name":null,"company":null,"blog":"","location":null,"email":null,"hireable":null,"bio":null,"twitter_username":null,"notification_email":null,"public_repos":0,"public_gists":0,"followers":0,"following":0,"created_at":"2023-09-08T15:38:15Z","updated_at":"2025-02-15T17:08:59Z","private_gists":0,"total_private_repos":0,"owned_private_repos":0,"disk_usage":0,"collaborators":0,"two_factor_authentication":false,"plan":{"name":"free","space":976562499,"collaborators":0,"private_repos":10000}}
[info] 
[info] ✔  Success! Logged into GitHub as Aditya25-github 
[info] 
[debug] [2025-02-17T14:45:59.692Z] >>> [apiv2][query] GET https://api.github.com/repos/Aditya25-github/Evvento.git/actions/secrets/public-key type=owner
[debug] [2025-02-17T14:46:00.043Z] <<< [apiv2][status] GET https://api.github.com/repos/Aditya25-github/Evvento.git/actions/secrets/public-key 404
[debug] [2025-02-17T14:46:00.043Z] <<< [apiv2][body] GET https://api.github.com/repos/Aditya25-github/Evvento.git/actions/secrets/public-key {"message":"Not Found","documentation_url":"https://docs.github.com/rest/actions/secrets#get-a-repository-public-key","status":"404"}
[info] 
[info] 
[error] ⚠  The provided authorization cannot be used with this repository. If this repository is in an organization, did you remember to grant access? 
[info] 
[info] i  Action required: Visit this URL to ensure access has been granted to the appropriate organization(s) for the Firebase CLI GitHub OAuth App: 
[info] https://github.com/settings/connections/applications/89cf50f02ac6aaed3484
[info] 
